#
# There is insufficient memory for the Java Runtime Environment to continue.
# Native memory allocation (malloc) failed to allocate 32744 bytes for ChunkPool::allocate
# Possible reasons:
#   The system is out of physical RAM or swap space
#   The process is running with CompressedOops enabled, and the Java Heap may be blocking the growth of the native heap
# Possible solutions:
#   Reduce memory load on the system
#   Increase physical memory or swap space
#   Check if swap backing store is full
#   Decrease Java heap size (-Xmx/-Xms)
#   Decrease number of Java threads
#   Decrease Java thread stack sizes (-Xss)
#   Set larger code cache with -XX:ReservedCodeCacheSize=
#   JVM is running with Unscaled Compressed Oops mode in which the Java heap is
#     placed in the first 4GB address space. The Java Heap base address is the
#     maximum limit for the native heap growth. Please use -XX:HeapBaseMinAddress
#     to set the Java Heap base and to place the Java Heap above 4GB virtual address.
# This output file may be truncated or incomplete.
#
#  Out of Memory Error (arena.cpp:79), pid=16168, tid=16284
#
# JRE version: OpenJDK Runtime Environment Temurin-17.0.10+7 (17.0.10+7) (build 17.0.10+7)
# Java VM: OpenJDK 64-Bit Server VM Temurin-17.0.10+7 (17.0.10+7, mixed mode, tiered, compressed oops, compressed class ptrs, parallel gc, windows-amd64)
# No core dump will be written. Minidumps are not enabled by default on client versions of Windows
#

---------------  S U M M A R Y ------------

Command Line: --add-modules=ALL-SYSTEM --add-opens=java.base/java.util=ALL-UNNAMED --add-opens=java.base/java.lang=ALL-UNNAMED --add-opens=java.base/sun.nio.fs=ALL-UNNAMED -Declipse.application=org.eclipse.jdt.ls.core.id1 -Dosgi.bundles.defaultStartLevel=4 -Declipse.product=org.eclipse.jdt.ls.core.product -Djava.import.generatesMetadataFilesAtProjectRoot=false -DDetectVMInstallationsJob.disabled=true -Dfile.encoding=utf8 -XX:+UseParallelGC -XX:GCTimeRatio=4 -XX:AdaptiveSizePolicyWeight=90 -Dsun.zip.disableMemoryMapping=true -Xmx1G -Xms100m -Xlog:disable -javaagent:c:\Users\khetuab\.vscode\extensions\redhat.java-1.28.1-win32-x64\lombok\lombok-1.18.31.jar c:\Users\khetuab\.vscode\extensions\redhat.java-1.28.1-win32-x64\server\plugins\org.eclipse.equinox.launcher_1.6.700.v20231214-2017.jar -configuration c:\Users\khetuab\AppData\Roaming\Code\User\globalStorage\redhat.java\1.28.1\config_ss_win -data c:\Users\khetuab\AppData\Roaming\Code\User\workspaceStorage\005800a5abc52d2dac6e7675ab843d75\redhat.java\ss_ws --stdio

Host: AMD Ryzen 3 5300U with Radeon Graphics         , 8 cores, 3G,  Windows 11 , 64 bit Build 22621 (10.0.22621.3235)
Time: Mon Apr  1 00:11:22 2024 Arab Standard Time elapsed time: 0.716486 seconds (0d 0h 0m 0s)

---------------  T H R E A D  ---------------

Current thread (0x0000017fd9287ae0):  JavaThread "C2 CompilerThread0" daemon [_thread_in_native, id=16284, stack(0x000000663b000000,0x000000663b100000)]


Current CompileTask:
C2:    716  395 %     4       java.lang.StringLatin1::replace @ 13 (198 bytes)

Stack: [0x000000663b000000,0x000000663b100000]
Native frames: (J=compiled Java code, j=interpreted, Vv=VM code, C=native code)
V  [jvm.dll+0x67d2c9]
V  [jvm.dll+0x834afa]
V  [jvm.dll+0x8365be]
V  [jvm.dll+0x836c23]
V  [jvm.dll+0x2477ff]
V  [jvm.dll+0xac711]
V  [jvm.dll+0xacb5c]
V  [jvm.dll+0x61e3fd]
V  [jvm.dll+0x34c5cd]
V  [jvm.dll+0x112b81]
V  [jvm.dll+0x1129fc]
V  [jvm.dll+0x340b96]
V  [jvm.dll+0x690e07]
V  [jvm.dll+0x693597]
V  [jvm.dll+0x68d71b]
V  [jvm.dll+0x68cd57]
V  [jvm.dll+0x68ac42]
V  [jvm.dll+0x1a828c]
V  [jvm.dll+0x218ec8]
V  [jvm.dll+0x1a502d]
V  [jvm.dll+0x2290de]
V  [jvm.dll+0x2272ac]
V  [jvm.dll+0x7e9bb7]
V  [jvm.dll+0x7e3fba]
V  [jvm.dll+0x67c1b5]
C  [ucrtbase.dll+0x29363]
C  [KERNEL32.DLL+0x1257d]
C  [ntdll.dll+0x5aa58]


---------------  P R O C E S S  ---------------

Threads class SMR info:
_java_thread_list=0x0000017fd959be70, length=12, elements={
0x0000017fbe34e7a0, 0x0000017fd4125260, 0x0000017fbe3fa630, 0x0000017fd412c660,
0x0000017fd412d130, 0x0000017fd412dc00, 0x0000017fd412e6d0, 0x0000017fd9287ae0,
0x0000017fd9297f50, 0x0000017fd92a2860, 0x0000017fbe3ad7f0, 0x0000017fda3e9780
}

Java Threads: ( => current thread )
  0x0000017fbe34e7a0 JavaThread "main" [_thread_in_vm, id=1644, stack(0x000000663a700000,0x000000663a800000)]
  0x0000017fd4125260 JavaThread "Reference Handler" daemon [_thread_blocked, id=15412, stack(0x000000663aa00000,0x000000663ab00000)]
  0x0000017fbe3fa630 JavaThread "Finalizer" daemon [_thread_blocked, id=22164, stack(0x000000663ab00000,0x000000663ac00000)]
  0x0000017fd412c660 JavaThread "Signal Dispatcher" daemon [_thread_blocked, id=25192, stack(0x000000663ac00000,0x000000663ad00000)]
  0x0000017fd412d130 JavaThread "Attach Listener" daemon [_thread_blocked, id=26344, stack(0x000000663ad00000,0x000000663ae00000)]
  0x0000017fd412dc00 JavaThread "Service Thread" daemon [_thread_blocked, id=25828, stack(0x000000663ae00000,0x000000663af00000)]
  0x0000017fd412e6d0 JavaThread "Monitor Deflation Thread" daemon [_thread_blocked, id=17720, stack(0x000000663af00000,0x000000663b000000)]
=>0x0000017fd9287ae0 JavaThread "C2 CompilerThread0" daemon [_thread_in_native, id=16284, stack(0x000000663b000000,0x000000663b100000)]
  0x0000017fd9297f50 JavaThread "C1 CompilerThread0" daemon [_thread_blocked, id=2884, stack(0x000000663b100000,0x000000663b200000)]
  0x0000017fd92a2860 JavaThread "Sweeper thread" daemon [_thread_blocked, id=16568, stack(0x000000663b200000,0x000000663b300000)]
  0x0000017fbe3ad7f0 JavaThread "Common-Cleaner" daemon [_thread_blocked, id=7924, stack(0x000000663b300000,0x000000663b400000)]
  0x0000017fda3e9780 JavaThread "Notification Thread" daemon [_thread_blocked, id=2892, stack(0x000000663b400000,0x000000663b500000)]

Other Threads:
  0x0000017fd92614b0 VMThread "VM Thread" [stack: 0x000000663a900000,0x000000663aa00000] [id=21200]
  0x0000017fd959a790 WatcherThread [stack: 0x000000663b500000,0x000000663b600000] [id=15036]
  0x0000017fbe3633b0 GCTaskThread "GC Thread#0" [stack: 0x000000663a800000,0x000000663a900000] [id=14328]

Threads with active compile tasks:
C2 CompilerThread0      750  395 %     4       java.lang.StringLatin1::replace @ 13 (198 bytes)

VM state: not at safepoint (normal execution)

VM Mutex/Monitor currently owned by a thread: None

Heap address: 0x00000000c0000000, size: 1024 MB, Compressed Oops mode: 32-bit

CDS archive(s) not mapped
Compressed class space mapped at: 0x0000000100000000-0x0000000140000000, reserved size: 1073741824
Narrow klass base: 0x0000000000000000, Narrow klass shift: 3, Narrow klass range: 0x140000000

GC Precious Log:
 CPUs: 8 total, 8 available
 Memory: 3406M
 Large Page Support: Disabled
 NUMA Support: Disabled
 Compressed Oops: Enabled (32-bit)
 Alignments: Space 512K, Generation 512K, Heap 2M
 Heap Min Capacity: 100M
 Heap Initial Capacity: 100M
 Heap Max Capacity: 1G
 Pre-touch: Disabled
 Parallel Workers: 8

Heap:
 PSYoungGen      total 29696K, used 8766K [0x00000000eab00000, 0x00000000ecc00000, 0x0000000100000000)
  eden space 25600K, 34% used [0x00000000eab00000,0x00000000eb38fb00,0x00000000ec400000)
  from space 4096K, 0% used [0x00000000ec800000,0x00000000ec800000,0x00000000ecc00000)
  to   space 4096K, 0% used [0x00000000ec400000,0x00000000ec400000,0x00000000ec800000)
 ParOldGen       total 68608K, used 0K [0x00000000c0000000, 0x00000000c4300000, 0x00000000eab00000)
  object space 68608K, 0% used [0x00000000c0000000,0x00000000c0000000,0x00000000c4300000)
 Metaspace       used 6468K, committed 6656K, reserved 1114112K
  class space    used 629K, committed 704K, reserved 1048576K

Card table byte_map: [0x0000017fd19c0000,0x0000017fd1bd0000] _byte_map_base: 0x0000017fd13c0000

Marking Bits: (ParMarkBitMap*) 0x00007ffabcbfd7d0
 Begin Bits: [0x0000017fd1d30000, 0x0000017fd2d30000)
 End Bits:   [0x0000017fd2d30000, 0x0000017fd3d30000)

Polling page: 0x0000017fbe400000

Metaspace:

Usage:
  Non-class:      5.71 MB used.
      Class:    630.28 KB used.
       Both:      6.32 MB used.

Virtual space:
  Non-class space:       64.00 MB reserved,       5.81 MB (  9%) committed,  1 nodes.
      Class space:        1.00 GB reserved,     704.00 KB ( <1%) committed,  1 nodes.
             Both:        1.06 GB reserved,       6.50 MB ( <1%) committed. 

Chunk freelists:
   Non-Class:  10.23 MB
       Class:  15.21 MB
        Both:  25.45 MB

MaxMetaspaceSize: unlimited
CompressedClassSpaceSize: 1.00 GB
Initial GC threshold: 21.00 MB
Current GC threshold: 21.00 MB
CDS: off
MetaspaceReclaimPolicy: balanced
 - commit_granule_bytes: 65536.
 - commit_granule_words: 8192.
 - virtual_space_node_default_size: 8388608.
 - enlarge_chunks_in_place: 1.
 - new_chunks_are_fully_committed: 0.
 - uncommit_free_chunks: 1.
 - use_allocation_guard: 0.
 - handle_deallocations: 1.


Internal statistics:

num_allocs_failed_limit: 0.
num_arena_births: 10.
num_arena_deaths: 0.
num_vsnodes_births: 2.
num_vsnodes_deaths: 0.
num_space_committed: 104.
num_space_uncommitted: 0.
num_chunks_returned_to_freelist: 0.
num_chunks_taken_from_freelist: 35.
num_chunk_merges: 0.
num_chunk_splits: 22.
num_chunks_enlarged: 21.
num_inconsistent_stats: 0.

CodeHeap 'non-profiled nmethods': size=120000Kb used=122Kb max_used=122Kb free=119877Kb
 bounds [0x0000017fca2b0000, 0x0000017fca520000, 0x0000017fd17e0000]
CodeHeap 'profiled nmethods': size=120000Kb used=609Kb max_used=609Kb free=119390Kb
 bounds [0x0000017fc27e0000, 0x0000017fc2a50000, 0x0000017fc9d10000]
CodeHeap 'non-nmethods': size=5760Kb used=1099Kb max_used=1109Kb free=4660Kb
 bounds [0x0000017fc9d10000, 0x0000017fc9f80000, 0x0000017fca2b0000]
 total_blobs=813 nmethods=433 adapters=295
 compilation: enabled
              stopped_count=0, restarted_count=0
 full_count=0

Compilation events (20 events):
Event: 0.691 Thread 0x0000017fd9297f50  383       3       java.util.zip.ZipFile$Source::getEntryHash (7 bytes)
Event: 0.691 Thread 0x0000017fd9297f50 nmethod 383 0x0000017fc285ab90 code [0x0000017fc285ad20, 0x0000017fc285ae58]
Event: 0.703 Thread 0x0000017fd9297f50  384       3       java.io.WinNTFileSystem::prefixLength (91 bytes)
Event: 0.705 Thread 0x0000017fd9297f50 nmethod 384 0x0000017fc285af10 code [0x0000017fc285b220, 0x0000017fc285c598]
Event: 0.706 Thread 0x0000017fd9297f50  385   !   3       jdk.internal.loader.BuiltinClassLoader$2::run (114 bytes)
Event: 0.707 Thread 0x0000017fd9297f50 nmethod 385 0x0000017fc285cc90 code [0x0000017fc285cf20, 0x0000017fc285dc98]
Event: 0.707 Thread 0x0000017fd9297f50  386       1       java.util.Collections$EmptyList::isEmpty (2 bytes)
Event: 0.707 Thread 0x0000017fd9297f50 nmethod 386 0x0000017fca2cc690 code [0x0000017fca2cc820, 0x0000017fca2cc8f8]
Event: 0.707 Thread 0x0000017fd9297f50  387       1       java.net.URL::getAuthority (5 bytes)
Event: 0.707 Thread 0x0000017fd9297f50 nmethod 387 0x0000017fca2cc990 code [0x0000017fca2ccb20, 0x0000017fca2ccbf8]
Event: 0.707 Thread 0x0000017fd9297f50  388       1       java.net.URL::getPath (5 bytes)
Event: 0.707 Thread 0x0000017fd9297f50 nmethod 388 0x0000017fca2ccc90 code [0x0000017fca2cce20, 0x0000017fca2ccef8]
Event: 0.707 Thread 0x0000017fd9297f50  389       1       java.net.URL::getQuery (5 bytes)
Event: 0.707 Thread 0x0000017fd9297f50 nmethod 389 0x0000017fca2ccf90 code [0x0000017fca2cd120, 0x0000017fca2cd1f8]
Event: 0.708 Thread 0x0000017fd9297f50  390       3       java.lang.ClassLoader::getResource (41 bytes)
Event: 0.708 Thread 0x0000017fd9297f50 nmethod 390 0x0000017fc285e210 code [0x0000017fc285e400, 0x0000017fc285e9f8]
Event: 0.708 Thread 0x0000017fd9297f50  391       3       java.io.FileSystem::hasBooleanAttributes (17 bytes)
Event: 0.708 Thread 0x0000017fd9297f50 nmethod 391 0x0000017fc285ec10 code [0x0000017fc285edc0, 0x0000017fc285ef68]
Event: 0.709 Thread 0x0000017fd9297f50  393   !   3       java.io.WinNTFileSystem::resolve (362 bytes)
Event: 0.712 Thread 0x0000017fd9287ae0  395 %     4       java.lang.StringLatin1::replace @ 13 (198 bytes)

GC Heap History (0 events):
No events

Dll operation events (8 events):
Event: 0.012 Loaded shared library c:\Users\khetuab\.vscode\extensions\redhat.java-1.28.1-win32-x64\jre\17.0.10-win32-x86_64\bin\java.dll
Event: 0.323 Loaded shared library c:\Users\khetuab\.vscode\extensions\redhat.java-1.28.1-win32-x64\jre\17.0.10-win32-x86_64\bin\zip.dll
Event: 0.333 Loaded shared library C:\Users\khetuab\.vscode\extensions\redhat.java-1.28.1-win32-x64\jre\17.0.10-win32-x86_64\bin\instrument.dll
Event: 0.371 Loaded shared library C:\Users\khetuab\.vscode\extensions\redhat.java-1.28.1-win32-x64\jre\17.0.10-win32-x86_64\bin\net.dll
Event: 0.376 Loaded shared library C:\Users\khetuab\.vscode\extensions\redhat.java-1.28.1-win32-x64\jre\17.0.10-win32-x86_64\bin\nio.dll
Event: 0.399 Loaded shared library C:\Users\khetuab\.vscode\extensions\redhat.java-1.28.1-win32-x64\jre\17.0.10-win32-x86_64\bin\zip.dll
Event: 0.438 Loaded shared library C:\Users\khetuab\.vscode\extensions\redhat.java-1.28.1-win32-x64\jre\17.0.10-win32-x86_64\bin\jimage.dll
Event: 0.557 Loaded shared library c:\Users\khetuab\.vscode\extensions\redhat.java-1.28.1-win32-x64\jre\17.0.10-win32-x86_64\bin\verify.dll

Deoptimization events (6 events):
Event: 0.554 Thread 0x0000017fbe34e7a0 Uncommon trap: trap_request=0xffffff45 fr.pc=0x0000017fca2c6320 relative=0x00000000000004e0
Event: 0.554 Thread 0x0000017fbe34e7a0 Uncommon trap: reason=unstable_if action=reinterpret pc=0x0000017fca2c6320 method=java.lang.String.<init>([CIILjava/lang/Void;)V @ 5 c2
Event: 0.554 Thread 0x0000017fbe34e7a0 DEOPT PACKING pc=0x0000017fca2c6320 sp=0x000000663a7fce00
Event: 0.554 Thread 0x0000017fbe34e7a0 DEOPT UNPACKING pc=0x0000017fc9d666a3 sp=0x000000663a7fcc90 mode 2
Event: 0.679 Thread 0x0000017fbe34e7a0 DEOPT PACKING pc=0x0000017fc282b1a2 sp=0x000000663a7f8d10
Event: 0.679 Thread 0x0000017fbe34e7a0 DEOPT UNPACKING pc=0x0000017fc9d66e43 sp=0x000000663a7f8170 mode 0

Classes unloaded (0 events):
No events

Classes redefined (0 events):
No events

Internal exceptions (2 events):
Event: 0.261 Thread 0x0000017fbe34e7a0 Exception <a 'java/lang/NoSuchMethodError'{0x00000000eacb4f18}: 'void java.lang.invoke.DirectMethodHandle$Holder.invokeStatic(java.lang.Object, java.lang.Object, java.lang.Object)'> (0x00000000eacb4f18) 
thrown [s\src\hotspot\share\interpreter\linkResolver.cpp, line 759]
Event: 0.621 Thread 0x0000017fbe34e7a0 Exception <a 'java/lang/reflect/InvocationTargetException'{0x00000000eafe69b0}> (0x00000000eafe69b0) 
thrown [s\src\hotspot\share\runtime\reflection.cpp, line 1121]

VM Operations (4 events):
Event: 0.275 Executing VM operation: HandshakeAllThreads
Event: 0.276 Executing VM operation: HandshakeAllThreads done
Event: 0.462 Executing VM operation: HandshakeAllThreads
Event: 0.462 Executing VM operation: HandshakeAllThreads done

Events (20 events):
Event: 0.655 loading class java/util/regex/Pattern$Branch
Event: 0.655 loading class java/util/regex/Pattern$Branch done
Event: 0.655 loading class java/util/regex/Pattern$StartS
Event: 0.656 loading class java/util/regex/Pattern$StartS done
Event: 0.656 loading class java/util/regex/Pattern$Curly
Event: 0.656 loading class java/util/regex/Pattern$Curly done
Event: 0.656 loading class java/util/regex/Pattern$Ques
Event: 0.656 loading class java/util/regex/Pattern$Ques done
Event: 0.656 loading class java/util/regex/Pattern$Loop
Event: 0.656 loading class java/util/regex/Pattern$Loop done
Event: 0.656 loading class java/util/regex/Pattern$Prolog
Event: 0.656 loading class java/util/regex/Pattern$Prolog done
Event: 0.656 loading class java/util/regex/Pattern$Dollar
Event: 0.656 loading class java/util/regex/Pattern$Dollar done
Event: 0.656 loading class java/util/regex/Pattern$GroupCurly
Event: 0.657 loading class java/util/regex/Pattern$GroupCurly done
Event: 0.689 loading class java/util/Collections$SingletonSet
Event: 0.689 loading class java/util/Collections$SingletonSet done
Event: 0.689 loading class java/util/Collections$1
Event: 0.689 loading class java/util/Collections$1 done


Dynamic libraries:
0x00007ff690e60000 - 0x00007ff690e6e000 	c:\Users\khetuab\.vscode\extensions\redhat.java-1.28.1-win32-x64\jre\17.0.10-win32-x86_64\bin\java.exe
0x00007ffb2c830000 - 0x00007ffb2ca46000 	C:\WINDOWS\SYSTEM32\ntdll.dll
0x00007ffb2b920000 - 0x00007ffb2b9e4000 	C:\WINDOWS\System32\KERNEL32.DLL
0x00007ffb29f10000 - 0x00007ffb2a2b6000 	C:\WINDOWS\System32\KERNELBASE.dll
0x00007ffb29dc0000 - 0x00007ffb29ed1000 	C:\WINDOWS\System32\ucrtbase.dll
0x00007ffb179c0000 - 0x00007ffb179d7000 	c:\Users\khetuab\.vscode\extensions\redhat.java-1.28.1-win32-x64\jre\17.0.10-win32-x86_64\bin\jli.dll
0x00007ffb2bb00000 - 0x00007ffb2bcad000 	C:\WINDOWS\System32\USER32.dll
0x00007ffb29ee0000 - 0x00007ffb29f06000 	C:\WINDOWS\System32\win32u.dll
0x00007ffb2b9f0000 - 0x00007ffb2ba19000 	C:\WINDOWS\System32\GDI32.dll
0x00007ffb29c30000 - 0x00007ffb29d48000 	C:\WINDOWS\System32\gdi32full.dll
0x00007ffb2a4e0000 - 0x00007ffb2a57a000 	C:\WINDOWS\System32\msvcp_win.dll
0x00007ffb17650000 - 0x00007ffb1766b000 	c:\Users\khetuab\.vscode\extensions\redhat.java-1.28.1-win32-x64\jre\17.0.10-win32-x86_64\bin\VCRUNTIME140.dll
0x00007ffb12b10000 - 0x00007ffb12da3000 	C:\WINDOWS\WinSxS\amd64_microsoft.windows.common-controls_6595b64144ccf1df_6.0.22621.3235_none_270f74e173860f98\COMCTL32.dll
0x00007ffb2b1c0000 - 0x00007ffb2b267000 	C:\WINDOWS\System32\msvcrt.dll
0x00007ffb2c330000 - 0x00007ffb2c361000 	C:\WINDOWS\System32\IMM32.DLL
0x00007ffb22100000 - 0x00007ffb2210c000 	c:\Users\khetuab\.vscode\extensions\redhat.java-1.28.1-win32-x64\jre\17.0.10-win32-x86_64\bin\vcruntime140_1.dll
0x00007ffaf0a70000 - 0x00007ffaf0afd000 	c:\Users\khetuab\.vscode\extensions\redhat.java-1.28.1-win32-x64\jre\17.0.10-win32-x86_64\bin\msvcp140.dll
0x00007ffabc060000 - 0x00007ffabccc2000 	c:\Users\khetuab\.vscode\extensions\redhat.java-1.28.1-win32-x64\jre\17.0.10-win32-x86_64\bin\server\jvm.dll
0x00007ffb2b3e0000 - 0x00007ffb2b492000 	C:\WINDOWS\System32\ADVAPI32.dll
0x00007ffb2bf20000 - 0x00007ffb2bfc8000 	C:\WINDOWS\System32\sechost.dll
0x00007ffb2a2c0000 - 0x00007ffb2a2e8000 	C:\WINDOWS\System32\bcrypt.dll
0x00007ffb2bfd0000 - 0x00007ffb2c0e5000 	C:\WINDOWS\System32\RPCRT4.dll
0x00007ffb200c0000 - 0x00007ffb200c9000 	C:\WINDOWS\SYSTEM32\WSOCK32.dll
0x00007ffb294a0000 - 0x00007ffb294ed000 	C:\WINDOWS\SYSTEM32\POWRPROF.dll
0x00007ffb2c600000 - 0x00007ffb2c671000 	C:\WINDOWS\System32\WS2_32.dll
0x00007ffb220a0000 - 0x00007ffb220d4000 	C:\WINDOWS\SYSTEM32\WINMM.dll
0x00007ffb21710000 - 0x00007ffb2171a000 	C:\WINDOWS\SYSTEM32\VERSION.dll
0x00007ffb29420000 - 0x00007ffb29433000 	C:\WINDOWS\SYSTEM32\UMPDC.dll
0x00007ffb28bb0000 - 0x00007ffb28bc8000 	C:\WINDOWS\SYSTEM32\kernel.appcore.dll
0x00007ffb17960000 - 0x00007ffb1796a000 	c:\Users\khetuab\.vscode\extensions\redhat.java-1.28.1-win32-x64\jre\17.0.10-win32-x86_64\bin\jimage.dll
0x00007ffb19170000 - 0x00007ffb193a3000 	C:\WINDOWS\SYSTEM32\DBGHELP.DLL
0x00007ffb2a580000 - 0x00007ffb2a908000 	C:\WINDOWS\System32\combase.dll
0x00007ffb2ba20000 - 0x00007ffb2baf7000 	C:\WINDOWS\System32\OLEAUT32.dll
0x00007ffb0e0a0000 - 0x00007ffb0e0d2000 	C:\WINDOWS\SYSTEM32\dbgcore.DLL
0x00007ffb2a460000 - 0x00007ffb2a4da000 	C:\WINDOWS\System32\bcryptPrimitives.dll
0x00007ffb178e0000 - 0x00007ffb178ee000 	c:\Users\khetuab\.vscode\extensions\redhat.java-1.28.1-win32-x64\jre\17.0.10-win32-x86_64\bin\instrument.dll
0x00007ffb10d40000 - 0x00007ffb10d65000 	c:\Users\khetuab\.vscode\extensions\redhat.java-1.28.1-win32-x64\jre\17.0.10-win32-x86_64\bin\java.dll
0x00007ffb13080000 - 0x00007ffb13098000 	c:\Users\khetuab\.vscode\extensions\redhat.java-1.28.1-win32-x64\jre\17.0.10-win32-x86_64\bin\zip.dll
0x00007ffb2a960000 - 0x00007ffb2b1bd000 	C:\WINDOWS\System32\SHELL32.dll
0x00007ffb27ad0000 - 0x00007ffb283c8000 	C:\WINDOWS\SYSTEM32\windows.storage.dll
0x00007ffb27990000 - 0x00007ffb27ace000 	C:\WINDOWS\SYSTEM32\wintypes.dll
0x00007ffb2c200000 - 0x00007ffb2c2f3000 	C:\WINDOWS\System32\SHCORE.dll
0x00007ffb2bec0000 - 0x00007ffb2bf1e000 	C:\WINDOWS\System32\shlwapi.dll
0x00007ffb29aa0000 - 0x00007ffb29ac6000 	C:\WINDOWS\SYSTEM32\profapi.dll
0x00007ffb120a0000 - 0x00007ffb120b9000 	C:\Users\khetuab\.vscode\extensions\redhat.java-1.28.1-win32-x64\jre\17.0.10-win32-x86_64\bin\net.dll
0x00007ffb24070000 - 0x00007ffb241a7000 	C:\WINDOWS\SYSTEM32\WINHTTP.dll
0x00007ffb290a0000 - 0x00007ffb29109000 	C:\WINDOWS\system32\mswsock.dll
0x00007ffb10760000 - 0x00007ffb10776000 	C:\Users\khetuab\.vscode\extensions\redhat.java-1.28.1-win32-x64\jre\17.0.10-win32-x86_64\bin\nio.dll
0x00007ffb178b0000 - 0x00007ffb178c0000 	c:\Users\khetuab\.vscode\extensions\redhat.java-1.28.1-win32-x64\jre\17.0.10-win32-x86_64\bin\verify.dll

dbghelp: loaded successfully - version: 4.0.5 - missing functions: none
symbol engine: initialized successfully - sym options: 0x614 - pdb path: .;c:\Users\khetuab\.vscode\extensions\redhat.java-1.28.1-win32-x64\jre\17.0.10-win32-x86_64\bin;C:\WINDOWS\SYSTEM32;C:\WINDOWS\WinSxS\amd64_microsoft.windows.common-controls_6595b64144ccf1df_6.0.22621.3235_none_270f74e173860f98;c:\Users\khetuab\.vscode\extensions\redhat.java-1.28.1-win32-x64\jre\17.0.10-win32-x86_64\bin\server

VM Arguments:
jvm_args: --add-modules=ALL-SYSTEM --add-opens=java.base/java.util=ALL-UNNAMED --add-opens=java.base/java.lang=ALL-UNNAMED --add-opens=java.base/sun.nio.fs=ALL-UNNAMED -Declipse.application=org.eclipse.jdt.ls.core.id1 -Dosgi.bundles.defaultStartLevel=4 -Declipse.product=org.eclipse.jdt.ls.core.product -Djava.import.generatesMetadataFilesAtProjectRoot=false -DDetectVMInstallationsJob.disabled=true -Dfile.encoding=utf8 -XX:+UseParallelGC -XX:GCTimeRatio=4 -XX:AdaptiveSizePolicyWeight=90 -Dsun.zip.disableMemoryMapping=true -Xmx1G -Xms100m -Xlog:disable -javaagent:c:\Users\khetuab\.vscode\extensions\redhat.java-1.28.1-win32-x64\lombok\lombok-1.18.31.jar 
java_command: c:\Users\khetuab\.vscode\extensions\redhat.java-1.28.1-win32-x64\server\plugins\org.eclipse.equinox.launcher_1.6.700.v20231214-2017.jar -configuration c:\Users\khetuab\AppData\Roaming\Code\User\globalStorage\redhat.java\1.28.1\config_ss_win -data c:\Users\khetuab\AppData\Roaming\Code\User\workspaceStorage\005800a5abc52d2dac6e7675ab843d75\redhat.java\ss_ws --stdio
java_class_path (initial): c:\Users\khetuab\.vscode\extensions\redhat.java-1.28.1-win32-x64\server\plugins\org.eclipse.equinox.launcher_1.6.700.v20231214-2017.jar
Launcher Type: SUN_STANDARD

[Global flags]
    uintx AdaptiveSizePolicyWeight                 = 90                                        {product} {command line}
     intx CICompilerCount                          = 4                                         {product} {ergonomic}
    uintx GCTimeRatio                              = 4                                         {product} {command line}
   size_t InitialHeapSize                          = 104857600                                 {product} {command line}
   size_t MaxHeapSize                              = 1073741824                                {product} {command line}
   size_t MaxNewSize                               = 357564416                                 {product} {ergonomic}
   size_t MinHeapDeltaBytes                        = 524288                                    {product} {ergonomic}
   size_t MinHeapSize                              = 104857600                                 {product} {command line}
   size_t NewSize                                  = 34603008                                  {product} {ergonomic}
    uintx NonNMethodCodeHeapSize                   = 5839372                                {pd product} {ergonomic}
    uintx NonProfiledCodeHeapSize                  = 122909434                              {pd product} {ergonomic}
   size_t OldSize                                  = 70254592                                  {product} {ergonomic}
    uintx ProfiledCodeHeapSize                     = 122909434                              {pd product} {ergonomic}
    uintx ReservedCodeCacheSize                    = 251658240                              {pd product} {ergonomic}
     bool SegmentedCodeCache                       = true                                      {product} {ergonomic}
   size_t SoftMaxHeapSize                          = 1073741824                             {manageable} {ergonomic}
     bool UseCompressedClassPointers               = true                           {product lp64_product} {ergonomic}
     bool UseCompressedOops                        = true                           {product lp64_product} {ergonomic}
     bool UseLargePagesIndividualAllocation        = false                                  {pd product} {ergonomic}
     bool UseParallelGC                            = true                                      {product} {command line}

Logging:
Log output configuration:
 #0: stdout all=off uptime,level,tags
 #1: stderr all=off uptime,level,tags

Environment Variables:
JAVA_HOME=C:\Program Files\Java\jdk-21
PATH=C:\ProgramData\Oracle\Java\javapath;C:\Program Files (x86)\Common Files\Intel\Shared Libraries\redist\intel64\compiler;C:\Program Files\Common Files\Oracle\Java\javapath;C:\WINDOWS\system32;C:\WINDOWS;C:\WINDOWS\System32\Wbem;C:\WINDOWS\System32\WindowsPowerShell\v1.0\;C:\WINDOWS\System32\OpenSSH\;C:\Program Files\Git\cmd;C:\Program Files\Azure Data Studio\bin;C:\Program Files (x86)\Microsoft SQL Server\160\Tools\Binn\;C:\Program Files\Microsoft SQL Server\160\Tools\Binn\;C:\Program Files\Microsoft SQL Server\Client SDK\ODBC\170\Tools\Binn\;C:\Program Files\Microsoft SQL Server\160\DTS\Binn\;C:\Program Files\dotnet\;C:\Program Files (x86)\nodejs\;C:\Users\khetuab\Documents\apache-maven-3.9.6\bin;C:\Program Files\Java\jdk-21\bin;C:\Users\khetuab\AppData\Local\Microsoft\WindowsApps;;C:\Users\khetuab\AppData\Local\Programs\Microsoft VS Code\bin;C:\Program Files\Azure Data Studio\bin;C:\Users\khetuab\AppData\Roaming\npm
USERNAME=khetuab
OS=Windows_NT
PROCESSOR_IDENTIFIER=AMD64 Family 23 Model 104 Stepping 1, AuthenticAMD
TMP=C:\Users\khetuab\AppData\Local\Temp
TEMP=C:\Users\khetuab\AppData\Local\Temp



Periodic native trim disabled


---------------  S Y S T E M  ---------------

OS:
 Windows 11 , 64 bit Build 22621 (10.0.22621.3235)
OS uptime: 2 days 1:02 hours

CPU: total 8 (initial active 8) (8 cores per cpu, 2 threads per core) family 23 model 104 stepping 1 microcode 0x0, cx8, cmov, fxsr, ht, mmx, 3dnowpref, sse, sse2, sse3, ssse3, sse4a, sse4.1, sse4.2, popcnt, lzcnt, tsc, tscinvbit, avx, avx2, aes, clmul, bmi1, bmi2, adx, sha, fma, vzeroupper, clflush, clflushopt
Processor Information for all 8 processors :
  Max Mhz: 2600, Current Mhz: 2600, Mhz Limit: 2600

Memory: 4k page, system-wide physical 3406M (64M free)
TotalPageFile size 13646M (AvailPageFile size 11M)
current process WorkingSet (physical memory assigned to process): 42M, peak: 42M
current process commit charge ("private bytes"): 187M, peak: 187M

vm_info: OpenJDK 64-Bit Server VM (17.0.10+7) for windows-amd64 JRE (17.0.10+7), built on Jan 16 2024 23:25:11 by "admin" with MS VC++ 16.10 / 16.11 (VS2019)

END.
